<?xml version="1.0" encoding="UTF-8"?>
<testsuite xmlns:xsi="http://www.w3.org/2001/XMLSchema-instance" xsi:noNamespaceSchemaLocation="https://maven.apache.org/surefire/maven-surefire-plugin/xsd/surefire-test-report-3.0.xsd" version="3.0" name="io.github.joycejoyce.logmsg.test.LogMsgTest" time="0.242" tests="1" errors="0" skipped="0" failures="0">
  <properties>
    <property name="java.specification.version" value="13"/>
    <property name="sun.cpu.isalist" value="amd64"/>
    <property name="sun.jnu.encoding" value="MS950"/>
    <property name="java.class.path" value="C:\Users\Joyce\eclipse-workspace\LogMsg\target\test-classes;C:\Users\Joyce\eclipse-workspace\LogMsg\target\classes;C:\Users\Joyce\.m2\repository\junit\junit\4.12\junit-4.12.jar;C:\Users\Joyce\.m2\repository\org\hamcrest\hamcrest-core\1.3\hamcrest-core-1.3.jar;C:\Users\Joyce\.m2\repository\org\slf4j\slf4j-api\1.7.21\slf4j-api-1.7.21.jar;C:\Users\Joyce\.m2\repository\log4j\log4j\1.2.17\log4j-1.2.17.jar;C:\Users\Joyce\.m2\repository\uk\org\lidalia\slf4j-test\1.1.0\slf4j-test-1.1.0.jar;C:\Users\Joyce\.m2\repository\uk\org\lidalia\lidalia-lang\1.0.0\lidalia-lang-1.0.0.jar;C:\Users\Joyce\.m2\repository\org\apache\commons\commons-lang3\3.1\commons-lang3-3.1.jar;C:\Users\Joyce\.m2\repository\com\google\guava\guava\14.0.1\guava-14.0.1.jar;C:\Users\Joyce\.m2\repository\uk\org\lidalia\lidalia-slf4j-ext\1.0.0\lidalia-slf4j-ext-1.0.0.jar;C:\Users\Joyce\.m2\repository\joda-time\joda-time\2.2\joda-time-2.2.jar;"/>
    <property name="java.vm.vendor" value="Oracle Corporation"/>
    <property name="sun.arch.data.model" value="64"/>
    <property name="user.variant" value=""/>
    <property name="java.vendor.url" value="https://java.oracle.com/"/>
    <property name="user.timezone" value="Asia/Taipei"/>
    <property name="os.name" value="Windows 7"/>
    <property name="java.vm.specification.version" value="13"/>
    <property name="sun.java.launcher" value="SUN_STANDARD"/>
    <property name="user.country" value="TW"/>
    <property name="sun.boot.library.path" value="C:\Program Files\Java\jdk-13.0.2\bin"/>
    <property name="sun.java.command" value="C:\Users\Joyce\AppData\Local\Temp\surefire6157313321436367707\surefirebooter8799251482692312273.jar C:\Users\Joyce\AppData\Local\Temp\surefire6157313321436367707 2020-02-27T09-58-23_349-jvmRun1 surefire11631629236918851132tmp surefire_012133128757012058476tmp"/>
    <property name="jdk.debug" value="release"/>
    <property name="surefire.test.class.path" value="C:\Users\Joyce\eclipse-workspace\LogMsg\target\test-classes;C:\Users\Joyce\eclipse-workspace\LogMsg\target\classes;C:\Users\Joyce\.m2\repository\junit\junit\4.12\junit-4.12.jar;C:\Users\Joyce\.m2\repository\org\hamcrest\hamcrest-core\1.3\hamcrest-core-1.3.jar;C:\Users\Joyce\.m2\repository\org\slf4j\slf4j-api\1.7.21\slf4j-api-1.7.21.jar;C:\Users\Joyce\.m2\repository\log4j\log4j\1.2.17\log4j-1.2.17.jar;C:\Users\Joyce\.m2\repository\uk\org\lidalia\slf4j-test\1.1.0\slf4j-test-1.1.0.jar;C:\Users\Joyce\.m2\repository\uk\org\lidalia\lidalia-lang\1.0.0\lidalia-lang-1.0.0.jar;C:\Users\Joyce\.m2\repository\org\apache\commons\commons-lang3\3.1\commons-lang3-3.1.jar;C:\Users\Joyce\.m2\repository\com\google\guava\guava\14.0.1\guava-14.0.1.jar;C:\Users\Joyce\.m2\repository\uk\org\lidalia\lidalia-slf4j-ext\1.0.0\lidalia-slf4j-ext-1.0.0.jar;C:\Users\Joyce\.m2\repository\joda-time\joda-time\2.2\joda-time-2.2.jar;"/>
    <property name="sun.cpu.endian" value="little"/>
    <property name="user.home" value="C:\Users\Joyce"/>
    <property name="user.language" value="zh"/>
    <property name="java.specification.vendor" value="Oracle Corporation"/>
    <property name="java.version.date" value="2020-01-14"/>
    <property name="java.home" value="C:\Program Files\Java\jdk-13.0.2"/>
    <property name="file.separator" value="\"/>
    <property name="basedir" value="C:\Users\Joyce\eclipse-workspace\LogMsg"/>
    <property name="java.vm.compressedOopsMode" value="32-bit"/>
    <property name="line.separator" value="&#10;"/>
    <property name="java.vm.specification.vendor" value="Oracle Corporation"/>
    <property name="java.specification.name" value="Java Platform API Specification"/>
    <property name="surefire.real.class.path" value="C:\Users\Joyce\AppData\Local\Temp\surefire6157313321436367707\surefirebooter8799251482692312273.jar"/>
    <property name="user.script" value=""/>
    <property name="sun.management.compiler" value="HotSpot 64-Bit Tiered Compilers"/>
    <property name="java.runtime.version" value="13.0.2+8"/>
    <property name="user.name" value="Joyce"/>
    <property name="path.separator" value=";"/>
    <property name="os.version" value="6.1"/>
    <property name="java.runtime.name" value="Java(TM) SE Runtime Environment"/>
    <property name="file.encoding" value="MS950"/>
    <property name="java.vm.name" value="Java HotSpot(TM) 64-Bit Server VM"/>
    <property name="localRepository" value="C:\Users\Joyce\.m2\repository"/>
    <property name="java.vendor.url.bug" value="https://bugreport.java.com/bugreport/"/>
    <property name="java.io.tmpdir" value="C:\Users\Joyce\AppData\Local\Temp\"/>
    <property name="java.version" value="13.0.2"/>
    <property name="user.dir" value="C:\Users\Joyce\eclipse-workspace\LogMsg"/>
    <property name="os.arch" value="amd64"/>
    <property name="java.vm.specification.name" value="Java Virtual Machine Specification"/>
    <property name="sun.os.patch.level" value="Service Pack 1"/>
    <property name="java.library.path" value="C:\Program Files\Java\jdk-13.0.2\bin;C:\Windows\Sun\Java\bin;C:\Windows\system32;C:\Windows;C:/Program Files/Java/jdk-13.0.2/bin/server;C:/Program Files/Java/jdk-13.0.2/bin;C:\Windows\system32;C:\Windows;C:\Windows\System32\Wbem;C:\Windows\System32\WindowsPowerShell\v1.0\;C:\Program Files (x86)\Brackets\command;C:\Program Files\Git\cmd;C:\Program Files\nodejs\;C:\Program Files\nodejs\node_modules\npm;C:\Users\Joyce\Desktop;;."/>
    <property name="java.vm.info" value="mixed mode, sharing"/>
    <property name="java.vendor" value="Oracle Corporation"/>
    <property name="java.vm.version" value="13.0.2+8"/>
    <property name="sun.io.unicode.encoding" value="UnicodeLittle"/>
    <property name="java.class.version" value="57.0"/>
  </properties>
  <testcase name="testSl4jTest" classname="io.github.joycejoyce.logmsg.test.LogMsgTest" time="0.154"/>
</testsuite>